-------------------------------------------------------------------------------
Test set: com.example.producingwebservice.ProducingWebServiceApplicationIntegrationTests
-------------------------------------------------------------------------------
Tests run: 1, Failures: 0, Errors: 1, Skipped: 0, Time elapsed: 0.198 s <<< FAILURE! - in com.example.producingwebservice.ProducingWebServiceApplicationIntegrationTests
com.example.producingwebservice.ProducingWebServiceApplicationIntegrationTests  Time elapsed: 0.197 s  <<< ERROR!
java.lang.IllegalStateException: Unable to find a @SpringBootConfiguration, you need to use @ContextConfiguration or @SpringBootTest(classes=...) with your test

